-- Using CATKIN_DEVEL_PREFIX: /home/sktd4/catkin_ws/build/test_pkg/devel
-- Using CMAKE_PREFIX_PATH: /opt/ros/noetic
-- This workspace overlays: /opt/ros/noetic
-- Override CMake install command with custom implementation using symlinks instead of copying resources
-- Found PythonInterp: /usr/bin/python3 (found suitable version "3.8.10", minimum required is "3") 
-- Using PYTHON_EXECUTABLE: /usr/bin/python3
-- Using Debian Python package layout
-- Using empy: /usr/lib/python3/dist-packages/em.py
-- Using CATKIN_ENABLE_TESTING: ON
-- Call enable_testing()
-- Using CATKIN_TEST_RESULTS_DIR: /home/sktd4/catkin_ws/build/test_pkg/test_results
-- Forcing gtest/gmock from source, though one was otherwise available.
-- Found gtest sources under '/usr/src/googletest': gtests will be built
-- Found gmock sources under '/usr/src/googletest': gmock will be built
-- Found PythonInterp: /usr/bin/python3 (found version "3.8.10") 
-- Using Python nosetests: /usr/bin/nosetests3
-- catkin 0.8.10
-- BUILD_SHARED_LIBS is on
Traceback (most recent call last):
  File "/opt/ros/noetic/share/catkin/cmake/parse_package_xml.py", line 115, in <module>
    main()
  File "/opt/ros/noetic/share/catkin/cmake/parse_package_xml.py", line 101, in main
    package = parse_package(args.package_xml)
  File "/usr/lib/python3/dist-packages/catkin_pkg/package.py", line 584, in parse_package
    return parse_package_string(xml, filename, warnings=warnings)
  File "/usr/lib/python3/dist-packages/catkin_pkg/package.py", line 625, in parse_package_string
    assert pkg.package_format in (1, 2, 3), \
AssertionError: Unable to handle package.xml format version '0', please update catkin_pkg (e.g. on Ubuntu/Debian use: sudo apt-get update && sudo apt-get install --only-upgrade python-catkin-pkg)
CMake Error at /opt/ros/noetic/share/catkin/cmake/safe_execute_process.cmake:11 (message):
  execute_process(/usr/bin/python3
  "/opt/ros/noetic/share/catkin/cmake/parse_package_xml.py"
  "/home/sktd4/catkin_ws/src/test_pkg/package.xml"
  "/home/sktd4/catkin_ws/build/test_pkg/catkin_generated/package.cmake")
  returned error code 1
Call Stack (most recent call first):
  /opt/ros/noetic/share/catkin/cmake/catkin_package_xml.cmake:74 (safe_execute_process)
  /opt/ros/noetic/share/catkin/cmake/catkin_package_xml.cmake:50 (_catkin_package_xml)
  /opt/ros/noetic/share/catkin/cmake/catkin_package.cmake:99 (catkin_package_xml)
  CMakeLists.txt:105 (catkin_package)


-- Configuring incomplete, errors occurred!
See also "/home/sktd4/catkin_ws/build/test_pkg/CMakeFiles/CMakeOutput.log".
See also "/home/sktd4/catkin_ws/build/test_pkg/CMakeFiles/CMakeError.log".
