[0.012s] Invoking command in '/home/sktd4/catkin_ws/build/test_pkg': /usr/bin/cmake /home/sktd4/catkin_ws/src/test_pkg -DCMAKE_INSTALL_PREFIX=/home/sktd4/catkin_ws/install/test_pkg
[0.037s] -- Using CATKIN_DEVEL_PREFIX: /home/sktd4/catkin_ws/build/test_pkg/devel
[0.037s] -- Using CMAKE_PREFIX_PATH: /opt/ros/noetic
[0.037s] -- This workspace overlays: /opt/ros/noetic
[0.039s] -- Override CMake install command with custom implementation using symlinks instead of copying resources
[0.056s] -- Found PythonInterp: /usr/bin/python3 (found suitable version "3.8.10", minimum required is "3") 
[0.056s] -- Using PYTHON_EXECUTABLE: /usr/bin/python3
[0.056s] -- Using Debian Python package layout
[0.056s] -- Using empy: /usr/lib/python3/dist-packages/em.py
[0.135s] -- Using CATKIN_ENABLE_TESTING: ON
[0.135s] -- Call enable_testing()
[0.135s] -- Using CATKIN_TEST_RESULTS_DIR: /home/sktd4/catkin_ws/build/test_pkg/test_results
[0.163s] -- Forcing gtest/gmock from source, though one was otherwise available.
[0.163s] -- Found gtest sources under '/usr/src/googletest': gtests will be built
[0.163s] -- Found gmock sources under '/usr/src/googletest': gmock will be built
[0.179s] -- Found PythonInterp: /usr/bin/python3 (found version "3.8.10") 
[0.183s] -- Using Python nosetests: /usr/bin/nosetests3
[0.220s] -- catkin 0.8.10
[0.220s] -- BUILD_SHARED_LIBS is on
[0.475s] Traceback (most recent call last):
[0.475s]   File "/opt/ros/noetic/share/catkin/cmake/parse_package_xml.py", line 115, in <module>
[0.475s]     main()
[0.475s]   File "/opt/ros/noetic/share/catkin/cmake/parse_package_xml.py", line 101, in main
[0.475s]     package = parse_package(args.package_xml)
[0.475s]   File "/usr/lib/python3/dist-packages/catkin_pkg/package.py", line 584, in parse_package
[0.475s]     return parse_package_string(xml, filename, warnings=warnings)
[0.475s]   File "/usr/lib/python3/dist-packages/catkin_pkg/package.py", line 625, in parse_package_string
[0.475s]     assert pkg.package_format in (1, 2, 3), \
[0.475s] AssertionError: Unable to handle package.xml format version '0', please update catkin_pkg (e.g. on Ubuntu/Debian use: sudo apt-get update && sudo apt-get install --only-upgrade python-catkin-pkg)
[0.488s] CMake Error at /opt/ros/noetic/share/catkin/cmake/safe_execute_process.cmake:11 (message):
[0.488s]   execute_process(/usr/bin/python3
[0.488s]   "/opt/ros/noetic/share/catkin/cmake/parse_package_xml.py"
[0.488s]   "/home/sktd4/catkin_ws/src/test_pkg/package.xml"
[0.489s]   "/home/sktd4/catkin_ws/build/test_pkg/catkin_generated/package.cmake")
[0.489s]   returned error code 1
[0.489s] Call Stack (most recent call first):
[0.489s]   /opt/ros/noetic/share/catkin/cmake/catkin_package_xml.cmake:74 (safe_execute_process)
[0.489s]   /opt/ros/noetic/share/catkin/cmake/catkin_package_xml.cmake:50 (_catkin_package_xml)
[0.489s]   /opt/ros/noetic/share/catkin/cmake/catkin_package.cmake:99 (catkin_package_xml)
[0.489s]   CMakeLists.txt:105 (catkin_package)
[0.489s] 
[0.489s] 
[0.490s] -- Configuring incomplete, errors occurred!
[0.490s] See also "/home/sktd4/catkin_ws/build/test_pkg/CMakeFiles/CMakeOutput.log".
[0.490s] See also "/home/sktd4/catkin_ws/build/test_pkg/CMakeFiles/CMakeError.log".
[0.493s] Invoked command in '/home/sktd4/catkin_ws/build/test_pkg' returned '1': /usr/bin/cmake /home/sktd4/catkin_ws/src/test_pkg -DCMAKE_INSTALL_PREFIX=/home/sktd4/catkin_ws/install/test_pkg
