[0.000000] (-) TimerEvent: {}
[0.000320] (test_pkg) JobQueued: {'identifier': 'test_pkg', 'dependencies': OrderedDict()}
[0.000539] (test_pkg) JobStarted: {'identifier': 'test_pkg'}
[0.011251] (test_pkg) JobProgress: {'identifier': 'test_pkg', 'progress': 'cmake'}
[0.012177] (test_pkg) Command: {'cmd': ['/usr/bin/cmake', '/home/sktd4/catkin_ws/src/test_pkg', '-DCMAKE_INSTALL_PREFIX=/home/sktd4/catkin_ws/install/test_pkg'], 'cwd': '/home/sktd4/catkin_ws/build/test_pkg', 'env': OrderedDict([('GJS_DEBUG_TOPICS', 'JS ERROR;JS LOG'), ('LESSOPEN', '| /usr/bin/lesspipe %s'), ('USER', 'sktd4'), ('LC_TIME', 'ko_KR.UTF-8'), ('SSH_AGENT_PID', '1699'), ('ROS_PACKAGE_PATH', '/opt/ros/noetic/share'), ('XDG_SESSION_TYPE', 'x11'), ('GIT_ASKPASS', '/usr/share/code/resources/app/extensions/git/dist/askpass.sh'), ('ROS_ETC_DIR', '/opt/ros/noetic/etc/ros'), ('SHLVL', '1'), ('LD_LIBRARY_PATH', '/opt/ros/noetic/lib'), ('HOME', '/home/sktd4'), ('CHROME_DESKTOP', 'code-url-handler.desktop'), ('TERM_PROGRAM_VERSION', '1.76.0'), ('DESKTOP_SESSION', 'ubuntu'), ('GIO_LAUNCHED_DESKTOP_FILE', '/usr/share/applications/code.desktop'), ('ROS_PYTHON_VERSION', '3'), ('GNOME_SHELL_SESSION_MODE', 'ubuntu'), ('GTK_MODULES', 'gail:atk-bridge'), ('VSCODE_GIT_ASKPASS_MAIN', '/usr/share/code/resources/app/extensions/git/dist/askpass-main.js'), ('LC_MONETARY', 'ko_KR.UTF-8'), ('VSCODE_GIT_ASKPASS_NODE', '/usr/share/code/code'), ('MANAGERPID', '1525'), ('DBUS_SESSION_BUS_ADDRESS', 'unix:path=/run/user/1000/bus'), ('COLORTERM', 'truecolor'), ('GIO_LAUNCHED_DESKTOP_FILE_PID', '3530'), ('_colcon_cd_root', '/home/sktd4/noetic_ws'), ('IM_CONFIG_PHASE', '1'), ('ROS_DISTRO', 'noetic'), ('LOGNAME', 'sktd4'), ('JOURNAL_STREAM', '8:40727'), ('_', '/usr/bin/colcon'), ('ROS_VERSION', '1'), ('PKG_CONFIG_PATH', '/opt/ros/noetic/lib/pkgconfig'), ('XDG_SESSION_CLASS', 'user'), ('USERNAME', 'sktd4'), ('TERM', 'xterm-256color'), ('GNOME_DESKTOP_SESSION_ID', 'this-is-deprecated'), ('WINDOWPATH', '2'), ('PATH', '/opt/ros/noetic/bin:/home/sktd4/.local/bin:/home/sktd4/.local/bin:/usr/local/sbin:/usr/local/bin:/usr/sbin:/usr/bin:/sbin:/bin:/usr/games:/usr/local/games:/snap/bin'), ('SESSION_MANAGER', 'local/sktd4-17ZD90P-GX7BK:@/tmp/.ICE-unix/1743,unix/sktd4-17ZD90P-GX7BK:/tmp/.ICE-unix/1743'), ('INVOCATION_ID', 'a91a1690af094ae88a65fb2e92e0f1d7'), ('XDG_MENU_PREFIX', 'gnome-'), ('LC_ADDRESS', 'ko_KR.UTF-8'), ('XDG_RUNTIME_DIR', '/run/user/1000'), ('GDK_BACKEND', 'x11'), ('DISPLAY', ':0'), ('LANG', 'en_US.UTF-8'), ('XDG_CURRENT_DESKTOP', 'Unity'), ('LC_TELEPHONE', 'ko_KR.UTF-8'), ('XMODIFIERS', '@im=ibus'), ('ROSLISP_PACKAGE_DIRECTORIES', ''), ('XDG_SESSION_DESKTOP', 'ubuntu'), ('XAUTHORITY', '/run/user/1000/gdm/Xauthority'), ('LS_COLORS', 'rs=0:di=01;34:ln=01;36:mh=00:pi=40;33:so=01;35:do=01;35:bd=40;33;01:cd=40;33;01:or=40;31;01:mi=00:su=37;41:sg=30;43:ca=30;41:tw=30;42:ow=34;42:st=37;44:ex=01;32:*.tar=01;31:*.tgz=01;31:*.arc=01;31:*.arj=01;31:*.taz=01;31:*.lha=01;31:*.lz4=01;31:*.lzh=01;31:*.lzma=01;31:*.tlz=01;31:*.txz=01;31:*.tzo=01;31:*.t7z=01;31:*.zip=01;31:*.z=01;31:*.dz=01;31:*.gz=01;31:*.lrz=01;31:*.lz=01;31:*.lzo=01;31:*.xz=01;31:*.zst=01;31:*.tzst=01;31:*.bz2=01;31:*.bz=01;31:*.tbz=01;31:*.tbz2=01;31:*.tz=01;31:*.deb=01;31:*.rpm=01;31:*.jar=01;31:*.war=01;31:*.ear=01;31:*.sar=01;31:*.rar=01;31:*.alz=01;31:*.ace=01;31:*.zoo=01;31:*.cpio=01;31:*.7z=01;31:*.rz=01;31:*.cab=01;31:*.wim=01;31:*.swm=01;31:*.dwm=01;31:*.esd=01;31:*.jpg=01;35:*.jpeg=01;35:*.mjpg=01;35:*.mjpeg=01;35:*.gif=01;35:*.bmp=01;35:*.pbm=01;35:*.pgm=01;35:*.ppm=01;35:*.tga=01;35:*.xbm=01;35:*.xpm=01;35:*.tif=01;35:*.tiff=01;35:*.png=01;35:*.svg=01;35:*.svgz=01;35:*.mng=01;35:*.pcx=01;35:*.mov=01;35:*.mpg=01;35:*.mpeg=01;35:*.m2v=01;35:*.mkv=01;35:*.webm=01;35:*.ogm=01;35:*.mp4=01;35:*.m4v=01;35:*.mp4v=01;35:*.vob=01;35:*.qt=01;35:*.nuv=01;35:*.wmv=01;35:*.asf=01;35:*.rm=01;35:*.rmvb=01;35:*.flc=01;35:*.avi=01;35:*.fli=01;35:*.flv=01;35:*.gl=01;35:*.dl=01;35:*.xcf=01;35:*.xwd=01;35:*.yuv=01;35:*.cgm=01;35:*.emf=01;35:*.ogv=01;35:*.ogx=01;35:*.aac=00;36:*.au=00;36:*.flac=00;36:*.m4a=00;36:*.mid=00;36:*.midi=00;36:*.mka=00;36:*.mp3=00;36:*.mpc=00;36:*.ogg=00;36:*.ra=00;36:*.wav=00;36:*.oga=00;36:*.opus=00;36:*.spx=00;36:*.xspf=00;36:'), ('VSCODE_GIT_IPC_HANDLE', '/run/user/1000/vscode-git-94a57d024f.sock'), ('ROS_ROOT', '/opt/ros/noetic/share/ros'), ('TERM_PROGRAM', 'vscode'), ('SSH_AUTH_SOCK', '/run/user/1000/keyring/ssh'), ('ORIGINAL_XDG_CURRENT_DESKTOP', 'ubuntu:GNOME'), ('SHELL', '/bin/bash'), ('LC_NAME', 'ko_KR.UTF-8'), ('QT_ACCESSIBILITY', '1'), ('ROS_MASTER_URI', 'http://localhost:11311'), ('GDMSESSION', 'ubuntu'), ('LESSCLOSE', '/usr/bin/lesspipe %s %s'), ('LC_MEASUREMENT', 'ko_KR.UTF-8'), ('GPG_AGENT_INFO', '/run/user/1000/gnupg/S.gpg-agent:0:1'), ('GJS_DEBUG_OUTPUT', 'stderr'), ('LC_IDENTIFICATION', 'ko_KR.UTF-8'), ('VSCODE_GIT_ASKPASS_EXTRA_ARGS', '--ms-enable-electron-run-as-node'), ('QT_IM_MODULE', 'ibus'), ('PWD', '/home/sktd4/catkin_ws/build/test_pkg'), ('LC_ALL', 'en_US.UTF-8'), ('XDG_CONFIG_DIRS', '/etc/xdg/xdg-ubuntu:/etc/xdg'), ('XDG_DATA_DIRS', '/usr/share/ubuntu:/usr/local/share/:/usr/share/:/var/lib/snapd/desktop'), ('PYTHONPATH', '/opt/ros/noetic/lib/python3/dist-packages'), ('LC_NUMERIC', 'ko_KR.UTF-8'), ('LC_PAPER', 'ko_KR.UTF-8'), ('COLCON', '1'), ('CMAKE_PREFIX_PATH', '/opt/ros/noetic')]), 'shell': False}
[0.037169] (test_pkg) StdoutLine: {'line': b'-- Using CATKIN_DEVEL_PREFIX: /home/sktd4/catkin_ws/build/test_pkg/devel\n'}
[0.037401] (test_pkg) StdoutLine: {'line': b'-- Using CMAKE_PREFIX_PATH: /opt/ros/noetic\n'}
[0.037451] (test_pkg) StdoutLine: {'line': b'-- This workspace overlays: /opt/ros/noetic\n'}
[0.039644] (test_pkg) StdoutLine: {'line': b'-- Override CMake install command with custom implementation using symlinks instead of copying resources\n'}
[0.056776] (test_pkg) StdoutLine: {'line': b'-- Found PythonInterp: /usr/bin/python3 (found suitable version "3.8.10", minimum required is "3") \n'}
[0.056906] (test_pkg) StdoutLine: {'line': b'-- Using PYTHON_EXECUTABLE: /usr/bin/python3\n'}
[0.056972] (test_pkg) StdoutLine: {'line': b'-- Using Debian Python package layout\n'}
[0.057030] (test_pkg) StdoutLine: {'line': b'-- Using empy: /usr/lib/python3/dist-packages/em.py\n'}
[0.099907] (-) TimerEvent: {}
[0.135365] (test_pkg) StdoutLine: {'line': b'-- Using CATKIN_ENABLE_TESTING: ON\n'}
[0.135505] (test_pkg) StdoutLine: {'line': b'-- Call enable_testing()\n'}
[0.135870] (test_pkg) StdoutLine: {'line': b'-- Using CATKIN_TEST_RESULTS_DIR: /home/sktd4/catkin_ws/build/test_pkg/test_results\n'}
[0.163645] (test_pkg) StdoutLine: {'line': b'-- Forcing gtest/gmock from source, though one was otherwise available.\n'}
[0.163734] (test_pkg) StdoutLine: {'line': b"-- Found gtest sources under '/usr/src/googletest': gtests will be built\n"}
[0.163778] (test_pkg) StdoutLine: {'line': b"-- Found gmock sources under '/usr/src/googletest': gmock will be built\n"}
[0.179906] (test_pkg) StdoutLine: {'line': b'-- Found PythonInterp: /usr/bin/python3 (found version "3.8.10") \n'}
[0.183959] (test_pkg) StdoutLine: {'line': b'-- Using Python nosetests: /usr/bin/nosetests3\n'}
[0.200060] (-) TimerEvent: {}
[0.220810] (test_pkg) StdoutLine: {'line': b'-- catkin 0.8.10\n'}
[0.220952] (test_pkg) StdoutLine: {'line': b'-- BUILD_SHARED_LIBS is on\n'}
[0.300239] (-) TimerEvent: {}
[0.400541] (-) TimerEvent: {}
[0.475077] (test_pkg) StderrLine: {'line': b'Traceback (most recent call last):\n'}
[0.475222] (test_pkg) StderrLine: {'line': b'  File "/opt/ros/noetic/share/catkin/cmake/parse_package_xml.py", line 115, in <module>\n'}
[0.475272] (test_pkg) StderrLine: {'line': b'    main()\n'}
[0.475310] (test_pkg) StderrLine: {'line': b'  File "/opt/ros/noetic/share/catkin/cmake/parse_package_xml.py", line 101, in main\n'}
[0.475348] (test_pkg) StderrLine: {'line': b'    package = parse_package(args.package_xml)\n'}
[0.475384] (test_pkg) StderrLine: {'line': b'  File "/usr/lib/python3/dist-packages/catkin_pkg/package.py", line 584, in parse_package\n'}
[0.475420] (test_pkg) StderrLine: {'line': b'    return parse_package_string(xml, filename, warnings=warnings)\n'}
[0.475456] (test_pkg) StderrLine: {'line': b'  File "/usr/lib/python3/dist-packages/catkin_pkg/package.py", line 625, in parse_package_string\n'}
[0.475496] (test_pkg) StderrLine: {'line': b'    assert pkg.package_format in (1, 2, 3), \\\n'}
[0.475532] (test_pkg) StderrLine: {'line': b"AssertionError: Unable to handle package.xml format version '0', please update catkin_pkg (e.g. on Ubuntu/Debian use: sudo apt-get update && sudo apt-get install --only-upgrade python-catkin-pkg)\n"}
[0.488613] (test_pkg) StderrLine: {'line': b'CMake Error at /opt/ros/noetic/share/catkin/cmake/safe_execute_process.cmake:11 (message):\n'}
[0.488806] (test_pkg) StderrLine: {'line': b'  execute_process(/usr/bin/python3\n'}
[0.488882] (test_pkg) StderrLine: {'line': b'  "/opt/ros/noetic/share/catkin/cmake/parse_package_xml.py"\n'}
[0.488953] (test_pkg) StderrLine: {'line': b'  "/home/sktd4/catkin_ws/src/test_pkg/package.xml"\n'}
[0.489024] (test_pkg) StderrLine: {'line': b'  "/home/sktd4/catkin_ws/build/test_pkg/catkin_generated/package.cmake")\n'}
[0.489096] (test_pkg) StderrLine: {'line': b'  returned error code 1\n'}
[0.489164] (test_pkg) StderrLine: {'line': b'Call Stack (most recent call first):\n'}
[0.489234] (test_pkg) StderrLine: {'line': b'  /opt/ros/noetic/share/catkin/cmake/catkin_package_xml.cmake:74 (safe_execute_process)\n'}
[0.489305] (test_pkg) StderrLine: {'line': b'  /opt/ros/noetic/share/catkin/cmake/catkin_package_xml.cmake:50 (_catkin_package_xml)\n'}
[0.489371] (test_pkg) StderrLine: {'line': b'  /opt/ros/noetic/share/catkin/cmake/catkin_package.cmake:99 (catkin_package_xml)\n'}
[0.489429] (test_pkg) StderrLine: {'line': b'  CMakeLists.txt:105 (catkin_package)\n'}
[0.489489] (test_pkg) StderrLine: {'line': b'\n'}
[0.489549] (test_pkg) StderrLine: {'line': b'\n'}
[0.490052] (test_pkg) StdoutLine: {'line': b'-- Configuring incomplete, errors occurred!\n'}
[0.490161] (test_pkg) StdoutLine: {'line': b'See also "/home/sktd4/catkin_ws/build/test_pkg/CMakeFiles/CMakeOutput.log".\n'}
[0.490226] (test_pkg) StdoutLine: {'line': b'See also "/home/sktd4/catkin_ws/build/test_pkg/CMakeFiles/CMakeError.log".\n'}
[0.493120] (test_pkg) CommandEnded: {'returncode': 1}
[0.493693] (test_pkg) JobEnded: {'identifier': 'test_pkg', 'rc': 1}
[0.500642] (-) TimerEvent: {}
[0.504255] (-) EventReactorShutdown: {}
